{"D:\\foothill-training project\\Webhook-Driven Task Processing Pipeline\\frontend\\src\\components\\JobCard.tsx": {"path":"D:\\foothill-training project\\Webhook-Driven Task Processing Pipeline\\frontend\\src\\components\\JobCard.tsx","statementMap":{"0":{"start":{"line":10,"column":19},"end":{"line":10,"column":null}},"1":{"start":{"line":10,"column":41},"end":{"line":10,"column":65}},"2":{"start":{"line":11,"column":8},"end":{"line":11,"column":null}},"3":{"start":{"line":13,"column":2},"end":{"line":29,"column":null}},"4":{"start":{"line":25,"column":57},"end":{"line":25,"column":86}},"5":{"start":{"line":34,"column":2},"end":{"line":34,"column":null}},"6":{"start":{"line":34,"column":30},"end":{"line":34,"column":null}},"7":{"start":{"line":35,"column":2},"end":{"line":35,"column":null}},"8":{"start":{"line":35,"column":31},"end":{"line":35,"column":null}},"9":{"start":{"line":36,"column":2},"end":{"line":36,"column":null}},"10":{"start":{"line":36,"column":28},"end":{"line":36,"column":null}},"11":{"start":{"line":37,"column":2},"end":{"line":37,"column":null}},"12":{"start":{"line":37,"column":27},"end":{"line":37,"column":null}},"13":{"start":{"line":38,"column":2},"end":{"line":38,"column":null}},"14":{"start":{"line":38,"column":28},"end":{"line":38,"column":null}},"15":{"start":{"line":39,"column":2},"end":{"line":39,"column":null}}},"fnMap":{"0":{"name":"JobCard","decl":{"start":{"line":9,"column":24},"end":{"line":9,"column":32}},"loc":{"start":{"line":9,"column":59},"end":{"line":31,"column":null}},"line":9},"1":{"name":"(anonymous_1)","decl":{"start":{"line":10,"column":34},"end":{"line":10,"column":35}},"loc":{"start":{"line":10,"column":41},"end":{"line":10,"column":65}},"line":10},"2":{"name":"(anonymous_2)","decl":{"start":{"line":25,"column":51},"end":{"line":25,"column":57}},"loc":{"start":{"line":25,"column":57},"end":{"line":25,"column":86}},"line":25},"3":{"name":"badgeClass","decl":{"start":{"line":33,"column":9},"end":{"line":33,"column":20}},"loc":{"start":{"line":33,"column":36},"end":{"line":40,"column":null}},"line":33}},"branchMap":{"0":{"loc":{"start":{"line":16,"column":13},"end":{"line":16,"column":50}},"type":"binary-expr","locations":[{"start":{"line":16,"column":13},"end":{"line":16,"column":31}},{"start":{"line":16,"column":31},"end":{"line":16,"column":50}}],"line":16},"1":{"loc":{"start":{"line":34,"column":2},"end":{"line":34,"column":null}},"type":"if","locations":[{"start":{"line":34,"column":2},"end":{"line":34,"column":null}},{"start":{},"end":{}}],"line":34},"2":{"loc":{"start":{"line":35,"column":2},"end":{"line":35,"column":null}},"type":"if","locations":[{"start":{"line":35,"column":2},"end":{"line":35,"column":null}},{"start":{},"end":{}}],"line":35},"3":{"loc":{"start":{"line":36,"column":2},"end":{"line":36,"column":null}},"type":"if","locations":[{"start":{"line":36,"column":2},"end":{"line":36,"column":null}},{"start":{},"end":{}}],"line":36},"4":{"loc":{"start":{"line":37,"column":2},"end":{"line":37,"column":null}},"type":"if","locations":[{"start":{"line":37,"column":2},"end":{"line":37,"column":null}},{"start":{},"end":{}}],"line":37},"5":{"loc":{"start":{"line":38,"column":2},"end":{"line":38,"column":null}},"type":"if","locations":[{"start":{"line":38,"column":2},"end":{"line":38,"column":null}},{"start":{},"end":{}}],"line":38}},"s":{"0":4,"1":4,"2":4,"3":4,"4":0,"5":4,"6":4,"7":0,"8":0,"9":0,"10":0,"11":0,"12":0,"13":0,"14":0,"15":0},"f":{"0":4,"1":4,"2":0,"3":4},"b":{"0":[4,0],"1":[4,0],"2":[0,0],"3":[0,0],"4":[0,0],"5":[0,0]},"meta":{"lastBranch":6,"lastFunction":4,"lastStatement":16,"seen":{"f:9:24:9:32":0,"s:10:19:10:Infinity":0,"f:10:34:10:35":1,"s:10:41:10:65":1,"s:11:8:11:Infinity":2,"s:13:2:29:Infinity":3,"b:16:13:16:31:16:31:16:50":0,"f:25:51:25:57":2,"s:25:57:25:86":4,"f:33:9:33:20":3,"b:34:2:34:Infinity:undefined:undefined:undefined:undefined":1,"s:34:2:34:Infinity":5,"s:34:30:34:Infinity":6,"b:35:2:35:Infinity:undefined:undefined:undefined:undefined":2,"s:35:2:35:Infinity":7,"s:35:31:35:Infinity":8,"b:36:2:36:Infinity:undefined:undefined:undefined:undefined":3,"s:36:2:36:Infinity":9,"s:36:28:36:Infinity":10,"b:37:2:37:Infinity:undefined:undefined:undefined:undefined":4,"s:37:2:37:Infinity":11,"s:37:27:37:Infinity":12,"b:38:2:38:Infinity:undefined:undefined:undefined:undefined":5,"s:38:2:38:Infinity":13,"s:38:28:38:Infinity":14,"s:39:2:39:Infinity":15}}}
,"D:\\foothill-training project\\Webhook-Driven Task Processing Pipeline\\frontend\\src\\components\\PipelineCard.tsx": {"path":"D:\\foothill-training project\\Webhook-Driven Task Processing Pipeline\\frontend\\src\\components\\PipelineCard.tsx","statementMap":{"0":{"start":{"line":11,"column":2},"end":{"line":55,"column":null}},"1":{"start":{"line":31,"column":14},"end":{"line":42,"column":null}},"2":{"start":{"line":37,"column":35},"end":{"line":37,"column":null}},"3":{"start":{"line":50,"column":56},"end":{"line":50,"column":79}}},"fnMap":{"0":{"name":"PipelineCard","decl":{"start":{"line":10,"column":24},"end":{"line":10,"column":37}},"loc":{"start":{"line":10,"column":94},"end":{"line":57,"column":null}},"line":10},"1":{"name":"(anonymous_1)","decl":{"start":{"line":30,"column":23},"end":{"line":30,"column":24}},"loc":{"start":{"line":31,"column":14},"end":{"line":42,"column":null}},"line":31},"2":{"name":"(anonymous_2)","decl":{"start":{"line":37,"column":29},"end":{"line":37,"column":35}},"loc":{"start":{"line":37,"column":35},"end":{"line":37,"column":null}},"line":37},"3":{"name":"(anonymous_3)","decl":{"start":{"line":50,"column":50},"end":{"line":50,"column":56}},"loc":{"start":{"line":50,"column":56},"end":{"line":50,"column":79}},"line":50}},"branchMap":{"0":{"loc":{"start":{"line":10,"column":49},"end":{"line":10,"column":61}},"type":"default-arg","locations":[{"start":{"line":10,"column":57},"end":{"line":10,"column":61}}],"line":10},"1":{"loc":{"start":{"line":15,"column":34},"end":{"line":15,"column":83}},"type":"cond-expr","locations":[{"start":{"line":15,"column":55},"end":{"line":15,"column":71}},{"start":{"line":15,"column":71},"end":{"line":15,"column":83}}],"line":15},"2":{"loc":{"start":{"line":16,"column":11},"end":{"line":16,"column":null}},"type":"cond-expr","locations":[{"start":{"line":16,"column":32},"end":{"line":16,"column":43}},{"start":{"line":16,"column":43},"end":{"line":16,"column":null}}],"line":16},"3":{"loc":{"start":{"line":26,"column":9},"end":{"line":44,"column":null}},"type":"cond-expr","locations":[{"start":{"line":27,"column":10},"end":{"line":27,"column":null}},{"start":{"line":29,"column":10},"end":{"line":44,"column":null}}],"line":26},"4":{"loc":{"start":{"line":32,"column":40},"end":{"line":32,"column":93}},"type":"binary-expr","locations":[{"start":{"line":32,"column":40},"end":{"line":32,"column":69}},{"start":{"line":32,"column":69},"end":{"line":32,"column":93}}],"line":32},"5":{"loc":{"start":{"line":34,"column":17},"end":{"line":40,"column":null}},"type":"binary-expr","locations":[{"start":{"line":34,"column":17},"end":{"line":34,"column":null}},{"start":{"line":35,"column":18},"end":{"line":40,"column":null}}],"line":34},"6":{"loc":{"start":{"line":48,"column":7},"end":{"line":53,"column":null}},"type":"binary-expr","locations":[{"start":{"line":48,"column":7},"end":{"line":48,"column":null}},{"start":{"line":49,"column":8},"end":{"line":53,"column":null}}],"line":48}},"s":{"0":4,"1":0,"2":0,"3":0},"f":{"0":4,"1":0,"2":0,"3":0},"b":{"0":[4],"1":[3,1],"2":[3,1],"3":[4,0],"4":[0,0],"5":[0,0],"6":[4,4]},"meta":{"lastBranch":7,"lastFunction":4,"lastStatement":4,"seen":{"f:10:24:10:37":0,"b:10:57:10:61":0,"s:11:2:55:Infinity":0,"b:15:55:15:71:15:71:15:83":1,"b:16:32:16:43:16:43:16:Infinity":2,"b:27:10:27:Infinity:29:10:44:Infinity":3,"f:30:23:30:24":1,"s:31:14:42:Infinity":1,"b:32:40:32:69:32:69:32:93":4,"b:34:17:34:Infinity:35:18:40:Infinity":5,"f:37:29:37:35":2,"s:37:35:37:Infinity":2,"b:48:7:48:Infinity:49:8:53:Infinity":6,"f:50:50:50:56":3,"s:50:56:50:79":3}}}
,"D:\\foothill-training project\\Webhook-Driven Task Processing Pipeline\\frontend\\src\\components\\PrivateRoute.tsx": {"path":"D:\\foothill-training project\\Webhook-Driven Task Processing Pipeline\\frontend\\src\\components\\PrivateRoute.tsx","statementMap":{"0":{"start":{"line":5,"column":16},"end":{"line":5,"column":null}},"1":{"start":{"line":6,"column":2},"end":{"line":6,"column":null}}},"fnMap":{"0":{"name":"PrivateRoute","decl":{"start":{"line":4,"column":24},"end":{"line":4,"column":37}},"loc":{"start":{"line":4,"column":82},"end":{"line":7,"column":null}},"line":4}},"branchMap":{"0":{"loc":{"start":{"line":6,"column":9},"end":{"line":6,"column":null}},"type":"cond-expr","locations":[{"start":{"line":6,"column":17},"end":{"line":6,"column":35}},{"start":{"line":6,"column":35},"end":{"line":6,"column":null}}],"line":6}},"s":{"0":2,"1":2},"f":{"0":2},"b":{"0":[1,1]},"meta":{"lastBranch":1,"lastFunction":1,"lastStatement":2,"seen":{"f:4:24:4:37":0,"s:5:16:5:Infinity":0,"s:6:2:6:Infinity":1,"b:6:17:6:35:6:35:6:Infinity":0}}}
,"D:\\foothill-training project\\Webhook-Driven Task Processing Pipeline\\frontend\\src\\components\\StatCard.tsx": {"path":"D:\\foothill-training project\\Webhook-Driven Task Processing Pipeline\\frontend\\src\\components\\StatCard.tsx","statementMap":{"0":{"start":{"line":11,"column":2},"end":{"line":20,"column":null}}},"fnMap":{"0":{"name":"StatCard","decl":{"start":{"line":10,"column":24},"end":{"line":10,"column":33}},"loc":{"start":{"line":10,"column":85},"end":{"line":22,"column":null}},"line":10}},"branchMap":{"0":{"loc":{"start":{"line":10,"column":61},"end":{"line":10,"column":75}},"type":"default-arg","locations":[{"start":{"line":10,"column":68},"end":{"line":10,"column":75}}],"line":10}},"s":{"0":1},"f":{"0":1},"b":{"0":[1]},"meta":{"lastBranch":1,"lastFunction":1,"lastStatement":1,"seen":{"f:10:24:10:33":0,"b:10:68:10:75":0,"s:11:2:20:Infinity":0}}}
}
